<?xml version="1.0" encoding="UTF-8"?>
<!-- Generated by org.testng.reporters.JUnitXMLReporter -->
<testsuite ignored="0" hostname="AmeerPC" failures="0" tests="3" name="Surefire test" time="13.248" errors="0" timestamp="2025-01-08T17:46:36 GMT">
  <testcase classname="Day47.LoginTest" name="verifymainlogo" time="5.163"/>
  <testcase classname="Day47.LoginTest" name="loginpage" time="1.839"/>
  <testcase classname="Day47.LoginTest" name="accountPage" time="1.182"/>
</testsuite> <!-- Surefire test -->
