<?xml version="1.0" encoding="UTF-8"?>
<testng-results ignored="0" total="3" passed="3" failed="0" skipped="0">
  <reporter-output>
  </reporter-output>
  <suite started-at="2025-01-08T17:46:23 GMT" name="Surefire suite" finished-at="2025-01-08T17:46:36 GMT" duration-ms="13248">
    <groups>
    </groups>
    <test started-at="2025-01-08T17:46:23 GMT" name="Surefire test" finished-at="2025-01-08T17:46:36 GMT" duration-ms="13248">
      <class name="Day47.LoginTest">
        <test-method is-config="true" signature="Setup()[pri:0, instance:Day47.LoginTest@433d61fb]" started-at="2025-01-08T17:46:23 GMT" name="Setup" finished-at="2025-01-08T17:46:27 GMT" duration-ms="3743" status="PASS">
          <reporter-output>
          </reporter-output>
        </test-method> <!-- Setup -->
        <test-method signature="verifymainlogo()[pri:0, instance:Day47.LoginTest@433d61fb]" started-at="2025-01-08T17:46:27 GMT" name="verifymainlogo" finished-at="2025-01-08T17:46:32 GMT" duration-ms="5163" status="PASS">
          <reporter-output>
          </reporter-output>
        </test-method> <!-- verifymainlogo -->
        <test-method signature="loginpage()[pri:1, instance:Day47.LoginTest@433d61fb]" started-at="2025-01-08T17:46:32 GMT" name="loginpage" finished-at="2025-01-08T17:46:34 GMT" duration-ms="1839" status="PASS">
          <reporter-output>
          </reporter-output>
        </test-method> <!-- loginpage -->
        <test-method signature="accountPage()[pri:2, instance:Day47.LoginTest@433d61fb]" started-at="2025-01-08T17:46:34 GMT" name="accountPage" finished-at="2025-01-08T17:46:35 GMT" duration-ms="1182" status="PASS">
          <reporter-output>
          </reporter-output>
        </test-method> <!-- accountPage -->
        <test-method is-config="true" signature="Teardown()[pri:0, instance:Day47.LoginTest@433d61fb]" started-at="2025-01-08T17:46:35 GMT" name="Teardown" finished-at="2025-01-08T17:46:36 GMT" duration-ms="1230" status="PASS">
          <reporter-output>
          </reporter-output>
        </test-method> <!-- Teardown -->
      </class> <!-- Day47.LoginTest -->
    </test> <!-- Surefire test -->
  </suite> <!-- Surefire suite -->
</testng-results>
